<?xml version="1.0" encoding="UTF-8"?>
<testsuite xmlns:xsi="http://www.w3.org/2001/XMLSchema-instance" xsi:noNamespaceSchemaLocation="https://maven.apache.org/surefire/maven-surefire-plugin/xsd/surefire-test-report-3.0.xsd" version="3.0" name="org.jerae.a2.A2ApiTest" time="0.214" tests="3" errors="0" skipped="0" failures="0">
  <properties>
[...]
</properties>
  <testcase name="testRgb" classname="org.jerae.a2.A2ApiTest" time="0.166"/>
  <testcase name="testGradient" classname="org.jerae.a2.A2ApiTest" time="0.016"/>
  <testcase name="testLegacyColor" classname="org.jerae.a2.A2ApiTest" time="0.002"/>
</testsuite>